[2025-01-05 20:07:23] Listen command example
[2025-01-05 20:07:23] Press ctrl+c to stop the service
[2025-01-05 20:07:25] Service in loop...  1
[2025-01-05 20:07:27] Service in loop...  2
[2025-01-05 20:07:29] Service in loop...  3
[2025-01-05 20:07:32] Service in loop...  4
[2025-01-05 20:07:33] Service in loop...  5
[2025-01-05 20:07:35] Service in loop...  6
[2025-01-05 20:07:37] Service in loop...  7
[2025-01-05 20:07:39] Service in loop...  8
[2025-01-05 20:07:41] Service in loop...  9
[2025-01-05 20:07:43] Service in loop...  10
[2025-01-05 20:07:45] Service in loop...  11
[2025-01-05 20:07:47] Service in loop...  12
[2025-01-05 20:07:49] Service in loop...  13
[2025-01-05 20:07:51] Service in loop...  14
[2025-01-05 20:07:53] Service in loop...  15
[2025-01-05 20:07:55] Service in loop...  16
[2025-01-05 20:07:57] Service in loop...  17
[2025-01-05 20:07:59] Service in loop...  18
[2025-01-05 20:08:01] Start shutdown...
[2025-01-05 20:08:01] Shutdown service detected...
[2025-01-05 20:08:01] Cache cleanup....
[2025-01-05 20:08:01] Waiting shutdown
[2025-01-05 20:08:04] Disconnect database...
[2025-01-05 20:08:05] Other process before stop the service...
[2025-01-05 20:08:09] Ok, now stop the service...
[2025-01-05 20:08:09] Shutdown done...
