[2025-01-05 20:26:50] Listen command example
[2025-01-05 20:26:50] Press ctrl+c to stop the service
[2025-01-05 20:26:52] Service in loop...  1
[2025-01-05 20:26:54] Service in loop...  2
[2025-01-05 20:26:56] Service in loop...  3
[2025-01-05 20:26:58] Service in loop...  4
[2025-01-05 20:27:00] Service in loop...  5
[2025-01-05 20:27:02] Service in loop...  6
[2025-01-05 20:27:04] Service in loop...  7
[2025-01-05 20:27:06] Service in loop...  8
[2025-01-05 20:27:08] Service in loop...  9
[2025-01-05 20:27:10] Service in loop...  10
[2025-01-05 20:27:12] Service in loop...  11
[2025-01-05 20:27:14] Service in loop...  12
[2025-01-05 20:27:16] Service in loop...  13
[2025-01-05 20:27:18] Service in loop...  14
[2025-01-05 20:27:20] Service in loop...  15
[2025-01-05 20:27:21] Start shutdown...
[2025-01-05 20:27:21] Shutdown service detected...
[2025-01-05 20:27:21] Cache cleanup....
[2025-01-05 20:27:22] Waiting shutdown
[2025-01-05 20:27:24] Disconnect database...
[2025-01-05 20:27:25] Other process before stop the service...
[2025-01-05 20:27:29] Ok, now stop the service...
[2025-01-05 20:27:29] Shutdown done...
[2025-01-05 20:28:10] Listen command example
[2025-01-05 20:28:10] Press ctrl+c to stop the service
[2025-01-05 20:28:12] Service in loop...  1
[2025-01-05 20:28:14] Service in loop...  2
[2025-01-05 20:28:16] Service in loop...  3
[2025-01-05 20:28:18] Service in loop...  4
[2025-01-05 20:28:20] Service in loop...  5
[2025-01-05 20:28:22] Service in loop...  6
[2025-01-05 20:28:24] Service in loop...  7
[2025-01-05 20:28:26] Service in loop...  8
[2025-01-05 20:28:28] Service in loop...  9
[2025-01-05 20:28:30] Service in loop...  10
[2025-01-05 20:28:32] Service in loop...  11
[2025-01-05 20:28:34] Service in loop...  12
[2025-01-05 20:28:36] Service in loop...  13
[2025-01-05 20:28:38] Service in loop...  14
[2025-01-05 20:28:40] Service in loop...  15
[2025-01-05 20:28:42] Service in loop...  16
[2025-01-05 20:28:44] Service in loop...  17
[2025-01-05 20:28:46] Service in loop...  18
[2025-01-05 20:28:48] Service in loop...  19
[2025-01-05 20:28:50] Service in loop...  20
[2025-01-05 20:28:52] Service in loop...  21
[2025-01-05 20:28:54] Service in loop...  22
[2025-01-05 20:28:56] Service in loop...  23
[2025-01-05 20:28:57] Start shutdown...
[2025-01-05 20:28:57] Shutdown service detected...
[2025-01-05 20:28:57] Cache cleanup....
[2025-01-05 20:28:58] Waiting shutdown
[2025-01-05 20:29:00] Disconnect database...
[2025-01-05 20:29:01] Other process before stop the service...
[2025-01-05 20:29:05] Ok, now stop the service...
[2025-01-05 20:29:05] Shutdown done...
[2025-01-05 20:29:31] Listen command example
[2025-01-05 20:29:31] Press ctrl+c to stop the service
[2025-01-05 20:29:33] Service in loop...  1
[2025-01-05 20:29:35] Service in loop...  2
[2025-01-05 20:29:37] Service in loop...  3
[2025-01-05 20:29:39] Service in loop...  4
[2025-01-05 20:29:41] Service in loop...  5
[2025-01-05 20:29:43] Service in loop...  6
[2025-01-05 20:29:45] Service in loop...  7
[2025-01-05 20:29:47] Service in loop...  8
[2025-01-05 20:29:49] Service in loop...  9
[2025-01-05 20:29:50] Start shutdown...
[2025-01-05 20:29:50] Shutdown service detected...
[2025-01-05 20:29:50] Cache cleanup....
[2025-01-05 20:29:51] Waiting shutdown
[2025-01-05 20:29:53] Disconnect database...
[2025-01-05 20:29:54] Other process before stop the service...
[2025-01-05 20:29:58] Ok, now stop the service...
[2025-01-05 20:29:58] Shutdown done...
[2025-01-05 20:31:11] Listen command example
[2025-01-05 20:31:11] Press ctrl+c to stop the service
[2025-01-05 20:31:13] Service in loop...  1
[2025-01-05 20:31:15] Service in loop...  2
[2025-01-05 20:31:17] Service in loop...  3
[2025-01-05 20:31:19] Service in loop...  4
[2025-01-05 20:31:21] Service in loop...  5
[2025-01-05 20:31:23] Service in loop...  6
[2025-01-05 20:31:25] Service in loop...  7
[2025-01-05 20:31:27] Service in loop...  8
[2025-01-05 20:31:29] Service in loop...  9
[2025-01-05 20:31:31] Service in loop...  10
[2025-01-05 20:31:33] Service in loop...  11
[2025-01-05 20:31:33] Start shutdown...
[2025-01-05 20:31:33] Shutdown service detected...
[2025-01-05 20:31:33] Cache cleanup....
[2025-01-05 20:31:35] Waiting shutdown
[2025-01-05 20:31:36] Disconnect database...
[2025-01-05 20:31:37] Other process before stop the service...
[2025-01-05 20:31:41] Listen command example
[2025-01-05 20:31:41] Press ctrl+c to stop the service
[2025-01-05 20:31:41] Ok, now stop the service...
[2025-01-05 20:31:41] Shutdown done...
[2025-01-05 20:31:43] Service in loop...  1
[2025-01-05 20:31:45] Service in loop...  2
[2025-01-05 20:31:47] Service in loop...  3
[2025-01-05 20:31:49] Service in loop...  4
[2025-01-05 20:31:51] Service in loop...  5
[2025-01-05 20:31:53] Service in loop...  6
[2025-01-05 20:31:55] Service in loop...  7
[2025-01-05 20:31:57] Service in loop...  8
[2025-01-05 20:31:59] Service in loop...  9
[2025-01-05 20:32:01] Service in loop...  10
[2025-01-05 20:32:01] Start shutdown...
[2025-01-05 20:32:01] Shutdown service detected...
[2025-01-05 20:32:01] Cache cleanup....
[2025-01-05 20:32:03] Waiting shutdown
[2025-01-05 20:32:04] Disconnect database...
[2025-01-05 20:32:05] Other process before stop the service...
[2025-01-05 20:32:09] Ok, now stop the service...
[2025-01-05 20:32:09] Shutdown done...
[2025-01-05 20:32:34] Listen command example
[2025-01-05 20:32:34] Press ctrl+c to stop the service
[2025-01-05 20:32:36] Service in loop...  1
[2025-01-05 20:32:38] Service in loop...  2
[2025-01-05 20:32:40] Service in loop...  3
[2025-01-05 20:32:42] Service in loop...  4
[2025-01-05 20:32:44] Service in loop...  5
[2025-01-05 20:32:46] Service in loop...  6
[2025-01-05 20:32:48] Service in loop...  7
[2025-01-05 20:32:50] Service in loop...  8
[2025-01-05 20:32:52] Service in loop...  9
[2025-01-05 20:32:53] Start shutdown...
[2025-01-05 20:32:53] Shutdown service detected...
[2025-01-05 20:32:53] Cache cleanup....
[2025-01-05 20:32:54] Waiting shutdown
[2025-01-05 20:32:56] Disconnect database...
[2025-01-05 20:32:57] Other process before stop the service...
[2025-01-05 20:33:01] Ok, now stop the service...
[2025-01-05 20:33:01] Shutdown done...
[2025-01-05 20:34:05] Listen command example
[2025-01-05 20:34:05] Press ctrl+c to stop the service
[2025-01-05 20:34:07] Service in loop...  1
[2025-01-05 20:34:09] Service in loop...  2
[2025-01-05 20:34:11] Service in loop...  3
[2025-01-05 20:34:13] Service in loop...  4
[2025-01-05 20:34:15] Service in loop...  5
[2025-01-05 20:34:17] Service in loop...  6
[2025-01-05 20:34:19] Service in loop...  7
[2025-01-05 20:34:21] Service in loop...  8
[2025-01-05 20:34:23] Service in loop...  9
[2025-01-05 20:34:25] Service in loop...  10
[2025-01-05 20:34:27] Start shutdown...
[2025-01-05 20:34:27] Shutdown service detected...
[2025-01-05 20:34:27] Cache cleanup....
[2025-01-05 20:34:27] Waiting shutdown
[2025-01-05 20:34:30] Disconnect database...
[2025-01-05 20:34:31] Other process before stop the service...
[2025-01-05 20:34:35] Ok, now stop the service...
[2025-01-05 20:34:35] Shutdown done...
[2025-01-05 20:34:37] Listen command example
[2025-01-05 20:34:37] Press ctrl+c to stop the service
[2025-01-05 20:34:39] Service in loop...  1
[2025-01-05 20:34:41] Service in loop...  2
[2025-01-05 20:34:43] Service in loop...  3
[2025-01-05 20:34:45] Service in loop...  4
[2025-01-05 20:34:47] Service in loop...  5
[2025-01-05 20:34:49] Service in loop...  6
[2025-01-05 20:34:49] Start shutdown...
[2025-01-05 20:34:49] Shutdown service detected...
[2025-01-05 20:34:49] Cache cleanup....
[2025-01-05 20:34:51] Waiting shutdown
[2025-01-05 20:34:52] Disconnect database...
[2025-01-05 20:34:53] Other process before stop the service...
[2025-01-05 20:34:57] Ok, now stop the service...
[2025-01-05 20:34:57] Shutdown done...
[2025-01-05 20:35:50] Listen command example
[2025-01-05 20:35:50] Press ctrl+c to stop the service
[2025-01-05 20:35:52] Service in loop...  1
[2025-01-05 20:35:54] Service in loop...  2
[2025-01-05 20:35:56] Service in loop...  3
[2025-01-05 20:35:58] Service in loop...  4
[2025-01-05 20:36:00] Service in loop...  5
[2025-01-05 20:36:02] Service in loop...  6
[2025-01-05 20:36:02] Start shutdown...
[2025-01-05 20:36:02] Shutdown service detected...
[2025-01-05 20:36:02] Cache cleanup....
[2025-01-05 20:36:04] Waiting shutdown
[2025-01-05 20:36:05] Disconnect database...
[2025-01-05 20:36:06] Other process before stop the service...
[2025-01-05 20:36:10] Ok, now stop the service...
[2025-01-05 20:36:10] Shutdown done...
[2025-01-05 20:48:02] Listen command example
[2025-01-05 20:48:02] Press ctrl+c to stop the service
[2025-01-05 20:48:04] Service in loop...  1
[2025-01-05 20:48:06] Service in loop...  2
[2025-01-05 20:48:08] Service in loop...  3
[2025-01-05 20:48:10] Service in loop...  4
[2025-01-05 20:48:12] Service in loop...  5
[2025-01-05 20:48:14] Service in loop...  6
[2025-01-05 20:48:16] Service in loop...  7
[2025-01-05 20:48:18] Service in loop...  8
[2025-01-05 20:48:20] Service in loop...  9
[2025-01-05 20:48:21] Start shutdown...
[2025-01-05 20:48:21] Shutdown service detected...
[2025-01-05 20:48:21] Cache cleanup....
[2025-01-05 20:48:22] Waiting shutdown
[2025-01-05 20:48:24] Disconnect database...
[2025-01-05 20:48:25] Other process before stop the service...
[2025-01-05 20:48:29] Ok, now stop the service...
[2025-01-05 20:48:29] Shutdown done...
